<?xml version="1.0" encoding="UTF-8"?>
<testsuite xmlns:xsi="http://www.w3.org/2001/XMLSchema-instance" xsi:noNamespaceSchemaLocation="https://maven.apache.org/surefire/maven-surefire-plugin/xsd/surefire-test-report.xsd" name="ensta.AppTest" time="0.032" tests="1" errors="0" skipped="0" failures="0">
  <properties>
    <property name="java.specification.version" value="17"/>
    <property name="sun.cpu.isalist" value="amd64"/>
    <property name="sun.jnu.encoding" value="GBK"/>
    <property name="java.class.path" value="P:\Cours Java\IN205\Cours4\libraryManager\Projet2\target\test-classes;P:\Cours Java\IN205\Cours4\libraryManager\Projet2\target\classes;P:\Cours Java\.m3\repository\junit\junit\4.11\junit-4.11.jar;P:\Cours Java\.m3\repository\org\hamcrest\hamcrest-core\1.3\hamcrest-core-1.3.jar;P:\Cours Java\.m3\repository\javax\servlet\javax.servlet-api\3.1.0\javax.servlet-api-3.1.0.jar;P:\Cours Java\.m3\repository\javax\servlet\jsp\javax.servlet.jsp-api\2.3.1\javax.servlet.jsp-api-2.3.1.jar;P:\Cours Java\.m3\repository\jstl\jstl\1.2\jstl-1.2.jar;P:\Cours Java\.m3\repository\com\h2database\h2\1.4.197\h2-1.4.197.jar;"/>
    <property name="java.vm.vendor" value="Oracle Corporation"/>
    <property name="sun.arch.data.model" value="64"/>
    <property name="user.variant" value=""/>
    <property name="java.vendor.url" value="https://java.oracle.com/"/>
    <property name="user.timezone" value="Europe/Paris"/>
    <property name="os.name" value="Windows 10"/>
    <property name="java.vm.specification.version" value="17"/>
    <property name="sun.java.launcher" value="SUN_STANDARD"/>
    <property name="user.country" value="CN"/>
    <property name="sun.boot.library.path" value="C:\Program Files\Java\jdk-17.0.2\bin"/>
    <property name="sun.java.command" value="C:\Users\Simon\AppData\Local\Temp\surefire4923315042737329437\surefirebooter7336093691867478233.jar C:\Users\Simon\AppData\Local\Temp\surefire4923315042737329437 2022-03-02T14-25-04_120-jvmRun1 surefire12257021235601126945tmp surefire_05200026627585013272tmp"/>
    <property name="jdk.debug" value="release"/>
    <property name="surefire.test.class.path" value="P:\Cours Java\IN205\Cours4\libraryManager\Projet2\target\test-classes;P:\Cours Java\IN205\Cours4\libraryManager\Projet2\target\classes;P:\Cours Java\.m3\repository\junit\junit\4.11\junit-4.11.jar;P:\Cours Java\.m3\repository\org\hamcrest\hamcrest-core\1.3\hamcrest-core-1.3.jar;P:\Cours Java\.m3\repository\javax\servlet\javax.servlet-api\3.1.0\javax.servlet-api-3.1.0.jar;P:\Cours Java\.m3\repository\javax\servlet\jsp\javax.servlet.jsp-api\2.3.1\javax.servlet.jsp-api-2.3.1.jar;P:\Cours Java\.m3\repository\jstl\jstl\1.2\jstl-1.2.jar;P:\Cours Java\.m3\repository\com\h2database\h2\1.4.197\h2-1.4.197.jar;"/>
    <property name="sun.cpu.endian" value="little"/>
    <property name="user.home" value="C:\Users\Simon"/>
    <property name="user.language" value="zh"/>
    <property name="java.specification.vendor" value="Oracle Corporation"/>
    <property name="java.version.date" value="2022-01-18"/>
    <property name="java.home" value="C:\Program Files\Java\jdk-17.0.2"/>
    <property name="file.separator" value="\"/>
    <property name="basedir" value="P:\Cours Java\IN205\Cours4\libraryManager\Projet2"/>
    <property name="java.vm.compressedOopsMode" value="Zero based"/>
    <property name="line.separator" value="&#10;"/>
    <property name="java.vm.specification.vendor" value="Oracle Corporation"/>
    <property name="java.specification.name" value="Java Platform API Specification"/>
    <property name="surefire.real.class.path" value="C:\Users\Simon\AppData\Local\Temp\surefire4923315042737329437\surefirebooter7336093691867478233.jar"/>
    <property name="user.script" value=""/>
    <property name="sun.management.compiler" value="HotSpot 64-Bit Tiered Compilers"/>
    <property name="java.runtime.version" value="17.0.2+8-LTS-86"/>
    <property name="user.name" value="Simon"/>
    <property name="path.separator" value=";"/>
    <property name="os.version" value="10.0"/>
    <property name="java.runtime.name" value="Java(TM) SE Runtime Environment"/>
    <property name="file.encoding" value="GBK"/>
    <property name="java.vm.name" value="Java HotSpot(TM) 64-Bit Server VM"/>
    <property name="localRepository" value="P:\Cours Java\.m3\repository"/>
    <property name="java.vendor.url.bug" value="https://bugreport.java.com/bugreport/"/>
    <property name="java.io.tmpdir" value="C:\Users\Simon\AppData\Local\Temp\"/>
    <property name="java.version" value="17.0.2"/>
    <property name="user.dir" value="P:\Cours Java\IN205\Cours4\libraryManager\Projet2"/>
    <property name="os.arch" value="amd64"/>
    <property name="java.vm.specification.name" value="Java Virtual Machine Specification"/>
    <property name="sun.os.patch.level" value=""/>
    <property name="native.encoding" value="GBK"/>
    <property name="java.library.path" value="C:\Program Files\Java\jdk-17.0.2\bin;C:\Windows\Sun\Java\bin;C:\Windows\system32;C:\Windows;C:\Program Files\Common Files\Oracle\Java\javapath;C:\Program Files\Eclipse Foundation\jdk-8.0.302.8-hotspot\bin;C:\Program Files (x86)\VMware\VMware Workstation\bin\;G:\ImageMagick-7.1.0-Q16-HDRI;C:\Windows\system32;C:\Windows;C:\Windows\System32\Wbem;C:\Windows\System32\WindowsPowerShell\v1.0\;C:\Windows\System32\OpenSSH\;C:\Program Files\Git\cmd;C:\Program Files\Microsoft SQL Server\130\Tools\Binn\;C:\Program Files\Microsoft SQL Server\Client SDK\ODBC\170\Tools\Binn\;G:\Putty\;C:\Program Files\Java\jdk-17.0.2\bin;D:\Matlab\bin;C:\Program Files\nodejs\;C:\Program Files\dotnet\;C:\Users\Simon\AppData\Local\Microsoft\WindowsApps;D:\Qt\5.15.2\mingw81_64\bin;D:\Qt\5.15.2\msvc2019_64\bin;P:\Cours Java\apache-maven-3.8.4\bin;C:\Users\Simon\AppData\Roaming\npm;C:\Users\Simon\.dotnet\tools;G:\OpenCV\opencv3\opencv\build\x64\vc15\bin;C:\Program Files\CMake\bin;;."/>
    <property name="java.vm.info" value="mixed mode, sharing"/>
    <property name="java.vendor" value="Oracle Corporation"/>
    <property name="java.vm.version" value="17.0.2+8-LTS-86"/>
    <property name="sun.io.unicode.encoding" value="UnicodeLittle"/>
    <property name="java.class.version" value="61.0"/>
  </properties>
  <testcase name="shouldAnswerWithTrue" classname="ensta.AppTest" time="0.001"/>
</testsuite>